TN:
SF:src/database/DbService.ts
FN:10,(anonymous_1)
FN:32,(anonymous_2)
FN:35,(anonymous_3)
FNF:3
FNH:2
FNDA:2,(anonymous_1)
FNDA:0,(anonymous_2)
FNDA:2,(anonymous_3)
DA:1,2
DA:2,2
DA:3,2
DA:5,2
DA:11,2
DA:20,2
DA:33,0
DA:36,2
DA:40,2
DA:41,2
LF:10
LH:9
BRF:0
BRH:0
end_of_record
TN:
SF:src/database/factory/RepositoryFactory.ts
FN:3,(anonymous_0)
FN:4,(anonymous_1)
FNF:2
FNH:2
FNDA:2,(anonymous_0)
FNDA:3,(anonymous_1)
DA:1,2
DA:4,2
DA:5,3
DA:9,2
LF:4
LH:4
BRF:0
BRH:0
end_of_record
TN:
SF:src/database/models/user.ts
FNF:0
FNH:0
DA:1,2
DA:2,2
DA:3,2
DA:12,2
DA:15,2
LF:5
LH:5
BRF:0
BRH:0
end_of_record
TN:
SF:src/database/repositories/user-repository.ts
FN:8,(anonymous_7)
FN:11,(anonymous_9)
FNF:2
FNH:2
FNDA:2,(anonymous_7)
FNDA:1,(anonymous_9)
DA:1,2
DA:7,2
DA:9,2
DA:12,1
LF:4
LH:4
BRF:0
BRH:0
end_of_record
TN:
SF:src/routes/ApiRouter.ts
FN:10,(anonymous_7)
FN:15,(anonymous_8)
FN:33,(anonymous_9)
FN:47,(anonymous_11)
FNF:4
FNH:4
FNDA:2,(anonymous_7)
FNDA:2,(anonymous_8)
FNDA:2,(anonymous_9)
FNDA:1,(anonymous_11)
DA:1,1
DA:2,1
DA:3,1
DA:4,1
DA:5,1
DA:7,1
DA:11,2
DA:12,2
DA:16,2
DA:17,2
DA:18,2
DA:29,2
DA:30,2
DA:36,2
DA:38,2
DA:39,2
DA:40,2
DA:43,0
DA:50,1
DA:52,1
DA:53,1
DA:54,1
DA:57,0
DA:62,1
DA:63,1
LF:25
LH:23
BRF:0
BRH:0
end_of_record
TN:
SF:src/security/HeaderValidator.ts
FN:5,validateHeader
FN:11,(anonymous_8)
FN:11,(anonymous_9)
FNF:3
FNH:3
FNDA:3,validateHeader
FNDA:3,(anonymous_8)
FNDA:3,(anonymous_9)
DA:2,1
DA:5,1
DA:6,3
DA:11,3
DA:13,3
DA:14,3
DA:15,3
DA:16,3
DA:17,3
DA:19,0
DA:20,0
LF:11
LH:9
BRDA:6,0,0,3
BRDA:15,1,0,0
BRDA:15,1,1,3
BRDA:15,2,0,3
BRDA:15,2,1,3
BRDA:16,3,0,3
BRDA:16,3,1,3
BRF:7
BRH:6
end_of_record
TN:
SF:src/security/constants.ts
FNF:0
FNH:0
DA:1,1
LF:1
LH:1
BRF:0
BRH:0
end_of_record
TN:
SF:src/security/cookie-validator.ts
FN:4,cookieValidator
FN:14,(anonymous_9)
FN:18,(anonymous_10)
FNF:3
FNH:3
FNDA:3,cookieValidator
FNDA:3,(anonymous_9)
FNDA:3,(anonymous_10)
DA:2,1
DA:4,1
DA:5,3
DA:6,3
DA:10,0
DA:14,1
DA:18,3
DA:21,3
DA:22,3
DA:25,3
DA:27,0
LF:11
LH:9
BRDA:6,0,0,0
BRDA:23,1,0,0
BRDA:23,1,1,3
BRF:3
BRH:1
end_of_record
TN:
SF:src/security/middleware.ts
FN:3,(anonymous_7)
FN:7,(anonymous_8)
FN:24,(anonymous_9)
FN:24,(anonymous_10)
FNF:4
FNH:2
FNDA:3,(anonymous_7)
FNDA:3,(anonymous_8)
FNDA:0,(anonymous_9)
FNDA:0,(anonymous_10)
DA:3,1
DA:7,3
DA:8,3
DA:9,3
DA:23,1
DA:24,1
DA:25,0
LF:7
LH:6
BRF:0
BRH:0
end_of_record
TN:
SF:src/services/UserService.ts
FN:9,(anonymous_8)
FN:12,(anonymous_10)
FNF:2
FNH:2
FNDA:3,(anonymous_8)
FNDA:1,(anonymous_10)
DA:1,2
DA:4,2
DA:10,3
DA:13,1
LF:4
LH:4
BRF:0
BRH:0
end_of_record
