{"/Users/claudiugombos/work/node/start/deel-task/src/database/DbService.ts": {"path":"/Users/claudiugombos/work/node/start/deel-task/src/database/DbService.ts","statementMap":{"0":{"start":{"line":1,"column":0},"end":{"line":1,"column":26}},"1":{"start":{"line":2,"column":0},"end":{"line":2,"column":38}},"2":{"start":{"line":3,"column":0},"end":{"line":3,"column":28}},"3":{"start":{"line":5,"column":0},"end":{"line":5,"column":16}},"4":{"start":{"line":11,"column":4},"end":{"line":18,"column":7}},"5":{"start":{"line":20,"column":4},"end":{"line":29,"column":6}},"6":{"start":{"line":33,"column":4},"end":{"line":33,"column":21}},"7":{"start":{"line":36,"column":4},"end":{"line":36,"column":34}},"8":{"start":{"line":40,"column":18},"end":{"line":40,"column":33}},"9":{"start":{"line":41,"column":0},"end":{"line":41,"column":25}}},"fnMap":{"0":{"name":"(anonymous_1)","decl":{"start":{"line":10,"column":2},"end":{"line":10,"column":null}},"loc":{"start":{"line":10,"column":2},"end":{"line":30,"column":3}}},"1":{"name":"(anonymous_2)","decl":{"start":{"line":32,"column":9},"end":{"line":32,"column":16}},"loc":{"start":{"line":32,"column":16},"end":{"line":34,"column":3}}},"2":{"name":"(anonymous_3)","decl":{"start":{"line":35,"column":2},"end":{"line":35,"column":6}},"loc":{"start":{"line":35,"column":15},"end":{"line":37,"column":3}}}},"branchMap":{},"s":{"0":2,"1":2,"2":2,"3":2,"4":2,"5":2,"6":0,"7":2,"8":2,"9":2},"f":{"0":2,"1":0,"2":2},"b":{}}
,"/Users/claudiugombos/work/node/start/deel-task/src/database/factory/RepositoryFactory.ts": {"path":"/Users/claudiugombos/work/node/start/deel-task/src/database/factory/RepositoryFactory.ts","statementMap":{"0":{"start":{"line":1,"column":0},"end":{"line":1,"column":65}},"1":{"start":{"line":4,"column":2},"end":{"line":6,"column":4}},"2":{"start":{"line":5,"column":4},"end":{"line":5,"column":32}},"3":{"start":{"line":9,"column":0},"end":{"line":9,"column":39}}},"fnMap":{"0":{"name":"(anonymous_0)","decl":{"start":{"line":3,"column":0},"end":{"line":3,"column":6}},"loc":{"start":{"line":3,"column":0},"end":{"line":7,"column":1}}},"1":{"name":"(anonymous_1)","decl":{"start":{"line":4,"column":22},"end":{"line":4,"column":41}},"loc":{"start":{"line":4,"column":43},"end":{"line":6,"column":3}}}},"branchMap":{},"s":{"0":2,"1":2,"2":3,"3":2},"f":{"0":2,"1":3},"b":{}}
,"/Users/claudiugombos/work/node/start/deel-task/src/database/models/user.ts": {"path":"/Users/claudiugombos/work/node/start/deel-task/src/database/models/user.ts","statementMap":{"0":{"start":{"line":1,"column":0},"end":{"line":1,"column":56}},"1":{"start":{"line":2,"column":0},"end":{"line":2,"column":37}},"2":{"start":{"line":3,"column":0},"end":{"line":3,"column":36}},"3":{"start":{"line":12,"column":0},"end":{"line":12,"column":13}},"4":{"start":{"line":15,"column":0},"end":{"line":39,"column":2}}},"fnMap":{},"branchMap":{},"s":{"0":2,"1":2,"2":2,"3":2,"4":2},"f":{},"b":{}}
,"/Users/claudiugombos/work/node/start/deel-task/src/database/repositories/user-repository.ts": {"path":"/Users/claudiugombos/work/node/start/deel-task/src/database/repositories/user-repository.ts","statementMap":{"0":{"start":{"line":1,"column":0},"end":{"line":1,"column":54}},"1":{"start":{"line":9,"column":4},"end":{"line":9,"column":38}},"2":{"start":{"line":12,"column":4},"end":{"line":12,"column":39}},"3":{"start":{"line":7,"column":0},"end":{"line":7,"column":13}}},"fnMap":{"0":{"name":"(anonymous_7)","decl":{"start":{"line":8,"column":8},"end":{"line":8,"column":18}},"loc":{"start":{"line":8,"column":42},"end":{"line":10,"column":null}}},"1":{"name":"(anonymous_9)","decl":{"start":{"line":11,"column":8},"end":{"line":11,"column":16}},"loc":{"start":{"line":11,"column":31},"end":{"line":13,"column":null}}}},"branchMap":{},"s":{"0":2,"1":2,"2":1,"3":2},"f":{"0":2,"1":1},"b":{}}
,"/Users/claudiugombos/work/node/start/deel-task/src/routes/ApiRouter.ts": {"path":"/Users/claudiugombos/work/node/start/deel-task/src/routes/ApiRouter.ts","statementMap":{"0":{"start":{"line":1,"column":0},"end":{"line":1,"column":66}},"1":{"start":{"line":2,"column":0},"end":{"line":2,"column":58}},"2":{"start":{"line":3,"column":0},"end":{"line":3,"column":63}},"3":{"start":{"line":4,"column":0},"end":{"line":4,"column":54}},"4":{"start":{"line":5,"column":0},"end":{"line":5,"column":62}},"5":{"start":{"line":11,"column":4},"end":{"line":11,"column":27}},"6":{"start":{"line":12,"column":4},"end":{"line":12,"column":16}},"7":{"start":{"line":16,"column":4},"end":{"line":16,"column":38}},"8":{"start":{"line":17,"column":4},"end":{"line":17,"column":37}},"9":{"start":{"line":18,"column":4},"end":{"line":18,"column":37}},"10":{"start":{"line":29,"column":4},"end":{"line":29,"column":49}},"11":{"start":{"line":30,"column":4},"end":{"line":30,"column":49}},"12":{"start":{"line":36,"column":4},"end":{"line":36,"column":13}},"13":{"start":{"line":38,"column":4},"end":{"line":44,"column":5}},"14":{"start":{"line":39,"column":23},"end":{"line":39,"column":63}},"15":{"start":{"line":40,"column":6},"end":{"line":40,"column":37}},"16":{"start":{"line":43,"column":6},"end":{"line":43,"column":18}},"17":{"start":{"line":50,"column":4},"end":{"line":50,"column":13}},"18":{"start":{"line":52,"column":4},"end":{"line":58,"column":5}},"19":{"start":{"line":53,"column":23},"end":{"line":53,"column":68}},"20":{"start":{"line":54,"column":6},"end":{"line":54,"column":37}},"21":{"start":{"line":57,"column":6},"end":{"line":57,"column":18}},"22":{"start":{"line":7,"column":0},"end":{"line":7,"column":13}},"23":{"start":{"line":62,"column":18},"end":{"line":62,"column":33}},"24":{"start":{"line":63,"column":0},"end":{"line":63,"column":32}}},"fnMap":{"0":{"name":"(anonymous_7)","decl":{"start":{"line":10,"column":2},"end":{"line":10,"column":null}},"loc":{"start":{"line":10,"column":2},"end":{"line":13,"column":3}}},"1":{"name":"(anonymous_8)","decl":{"start":{"line":15,"column":2},"end":{"line":15,"column":6}},"loc":{"start":{"line":15,"column":6},"end":{"line":31,"column":3}}},"2":{"name":"(anonymous_9)","decl":{"start":{"line":33,"column":8},"end":{"line":33,"column":18}},"loc":{"start":{"line":33,"column":66},"end":{"line":45,"column":null}}},"3":{"name":"(anonymous_11)","decl":{"start":{"line":47,"column":8},"end":{"line":47,"column":16}},"loc":{"start":{"line":47,"column":64},"end":{"line":59,"column":null}}}},"branchMap":{},"s":{"0":1,"1":1,"2":1,"3":1,"4":1,"5":2,"6":2,"7":2,"8":2,"9":2,"10":2,"11":2,"12":2,"13":2,"14":2,"15":2,"16":0,"17":1,"18":1,"19":1,"20":1,"21":0,"22":1,"23":1,"24":1},"f":{"0":2,"1":2,"2":2,"3":1},"b":{}}
,"/Users/claudiugombos/work/node/start/deel-task/src/security/HeaderValidator.ts": {"path":"/Users/claudiugombos/work/node/start/deel-task/src/security/HeaderValidator.ts","statementMap":{"0":{"start":{"line":2,"column":0},"end":{"line":2,"column":39}},"1":{"start":{"line":6,"column":2},"end":{"line":8,"column":3}},"2":{"start":{"line":5,"column":0},"end":{"line":5,"column":16}},"3":{"start":{"line":11,"column":31},"end":{"line":22,"column":2}},"4":{"start":{"line":11,"column":89},"end":{"line":22,"column":2}},"5":{"start":{"line":13,"column":2},"end":{"line":21,"column":3}},"6":{"start":{"line":14,"column":4},"end":{"line":14,"column":13}},"7":{"start":{"line":15,"column":4},"end":{"line":15,"column":69}},"8":{"start":{"line":16,"column":4},"end":{"line":16,"column":67}},"9":{"start":{"line":17,"column":4},"end":{"line":17,"column":11}},"10":{"start":{"line":19,"column":4},"end":{"line":19,"column":32}},"11":{"start":{"line":20,"column":4},"end":{"line":20,"column":16}},"12":{"start":{"line":11,"column":13},"end":{"line":11,"column":31}}},"fnMap":{"0":{"name":"validateHeader","decl":{"start":{"line":5,"column":16},"end":{"line":5,"column":30}},"loc":{"start":{"line":5,"column":57},"end":{"line":9,"column":1}}},"1":{"name":"(anonymous_8)","decl":{"start":{"line":11,"column":31},"end":{"line":11,"column":38}},"loc":{"start":{"line":11,"column":89},"end":{"line":22,"column":2}}},"2":{"name":"(anonymous_9)","decl":{"start":{"line":11,"column":89},"end":{"line":11,"column":null}},"loc":{"start":{"line":11,"column":89},"end":{"line":22,"column":1}}}},"branchMap":{"0":{"loc":{"start":{"line":6,"column":2},"end":{"line":8,"column":3}},"type":"if","locations":[{"start":{"line":6,"column":2},"end":{"line":8,"column":3}}]},"1":{"loc":{"start":{"line":15,"column":45},"end":{"line":15,"column":66}},"type":"cond-expr","locations":[{"start":{"line":15,"column":54},"end":{"line":15,"column":56}},{"start":{"line":15,"column":54},"end":{"line":15,"column":66}}]},"2":{"loc":{"start":{"line":15,"column":45},"end":{"line":15,"column":56}},"type":"binary-expr","locations":[{"start":{"line":15,"column":45},"end":{"line":15,"column":56}},{"start":{"line":15,"column":54},"end":{"line":15,"column":56}}]},"3":{"loc":{"start":{"line":16,"column":20},"end":{"line":16,"column":54}},"type":"binary-expr","locations":[{"start":{"line":16,"column":20},"end":{"line":16,"column":48}},{"start":{"line":16,"column":52},"end":{"line":16,"column":54}}]}},"s":{"0":1,"1":3,"2":1,"3":1,"4":3,"5":3,"6":3,"7":3,"8":3,"9":3,"10":0,"11":0,"12":1},"f":{"0":3,"1":3,"2":3},"b":{"0":[3],"1":[0,3],"2":[3,3],"3":[3,3]}}
,"/Users/claudiugombos/work/node/start/deel-task/src/security/constants.ts": {"path":"/Users/claudiugombos/work/node/start/deel-task/src/security/constants.ts","statementMap":{"0":{"start":{"line":1,"column":13},"end":{"line":4,"column":2}}},"fnMap":{},"branchMap":{},"s":{"0":1},"f":{},"b":{}}
,"/Users/claudiugombos/work/node/start/deel-task/src/security/cookie-validator.ts": {"path":"/Users/claudiugombos/work/node/start/deel-task/src/security/cookie-validator.ts","statementMap":{"0":{"start":{"line":2,"column":0},"end":{"line":2,"column":39}},"1":{"start":{"line":5,"column":2},"end":{"line":11,"column":3}},"2":{"start":{"line":6,"column":4},"end":{"line":8,"column":5}},"3":{"start":{"line":10,"column":4},"end":{"line":10,"column":39}},"4":{"start":{"line":4,"column":0},"end":{"line":4,"column":22}},"5":{"start":{"line":14,"column":31},"end":{"line":29,"column":2}},"6":{"start":{"line":18,"column":4},"end":{"line":29,"column":2}},"7":{"start":{"line":21,"column":2},"end":{"line":28,"column":3}},"8":{"start":{"line":22,"column":4},"end":{"line":24,"column":6}},"9":{"start":{"line":25,"column":4},"end":{"line":25,"column":11}},"10":{"start":{"line":27,"column":4},"end":{"line":27,"column":16}},"11":{"start":{"line":14,"column":13},"end":{"line":14,"column":31}}},"fnMap":{"0":{"name":"cookieValidator","decl":{"start":{"line":4,"column":22},"end":{"line":4,"column":37}},"loc":{"start":{"line":4,"column":64},"end":{"line":12,"column":null}}},"1":{"name":"(anonymous_9)","decl":{"start":{"line":14,"column":31},"end":{"line":14,"column":null}},"loc":{"start":{"line":18,"column":4},"end":{"line":29,"column":2}}},"2":{"name":"(anonymous_10)","decl":{"start":{"line":18,"column":4},"end":{"line":18,"column":null}},"loc":{"start":{"line":18,"column":4},"end":{"line":29,"column":1}}}},"branchMap":{"0":{"loc":{"start":{"line":6,"column":4},"end":{"line":8,"column":5}},"type":"if","locations":[{"start":{"line":6,"column":4},"end":{"line":8,"column":5}}]},"1":{"loc":{"start":{"line":23,"column":6},"end":{"line":23,"column":60}},"type":"cond-expr","locations":[{"start":{"line":23,"column":20},"end":{"line":23,"column":48}},{"start":{"line":23,"column":51},"end":{"line":23,"column":60}}]}},"s":{"0":1,"1":3,"2":3,"3":0,"4":1,"5":1,"6":3,"7":3,"8":3,"9":3,"10":0,"11":1},"f":{"0":3,"1":3,"2":3},"b":{"0":[0],"1":[0,3]}}
,"/Users/claudiugombos/work/node/start/deel-task/src/security/middleware.ts": {"path":"/Users/claudiugombos/work/node/start/deel-task/src/security/middleware.ts","statementMap":{"0":{"start":{"line":3,"column":32},"end":{"line":10,"column":2}},"1":{"start":{"line":7,"column":4},"end":{"line":10,"column":2}},"2":{"start":{"line":8,"column":2},"end":{"line":8,"column":59}},"3":{"start":{"line":9,"column":2},"end":{"line":9,"column":9}},"4":{"start":{"line":3,"column":13},"end":{"line":3,"column":32}},"5":{"start":{"line":24,"column":2},"end":{"line":26,"column":3}},"6":{"start":{"line":24,"column":15},"end":{"line":26,"column":3}},"7":{"start":{"line":25,"column":4},"end":{"line":25,"column":52}},"8":{"start":{"line":23,"column":13},"end":{"line":23,"column":null}}},"fnMap":{"0":{"name":"(anonymous_7)","decl":{"start":{"line":3,"column":32},"end":{"line":3,"column":null}},"loc":{"start":{"line":7,"column":4},"end":{"line":10,"column":2}}},"1":{"name":"(anonymous_8)","decl":{"start":{"line":7,"column":4},"end":{"line":7,"column":null}},"loc":{"start":{"line":7,"column":4},"end":{"line":10,"column":1}}},"2":{"name":"(anonymous_9)","decl":{"start":{"line":24,"column":2},"end":{"line":24,"column":3}},"loc":{"start":{"line":24,"column":15},"end":{"line":26,"column":3}}},"3":{"name":"(anonymous_10)","decl":{"start":{"line":24,"column":15},"end":{"line":24,"column":16}},"loc":{"start":{"line":24,"column":67},"end":{"line":26,"column":3}}}},"branchMap":{},"s":{"0":1,"1":3,"2":3,"3":3,"4":1,"5":1,"6":0,"7":0,"8":1},"f":{"0":3,"1":3,"2":0,"3":0},"b":{}}
,"/Users/claudiugombos/work/node/start/deel-task/src/services/UserService.ts": {"path":"/Users/claudiugombos/work/node/start/deel-task/src/services/UserService.ts","statementMap":{"0":{"start":{"line":1,"column":0},"end":{"line":1,"column":70}},"1":{"start":{"line":10,"column":4},"end":{"line":10,"column":69}},"2":{"start":{"line":13,"column":4},"end":{"line":13,"column":68}},"3":{"start":{"line":4,"column":0},"end":{"line":4,"column":13}}},"fnMap":{"0":{"name":"(anonymous_8)","decl":{"start":{"line":9,"column":8},"end":{"line":9,"column":14}},"loc":{"start":{"line":9,"column":38},"end":{"line":11,"column":null}}},"1":{"name":"(anonymous_10)","decl":{"start":{"line":12,"column":8},"end":{"line":12,"column":16}},"loc":{"start":{"line":12,"column":27},"end":{"line":14,"column":null}}}},"branchMap":{},"s":{"0":2,"1":3,"2":1,"3":2},"f":{"0":3,"1":1},"b":{}}
}
